0 verbose cli /usr/local/bin/node /usr/local/bin/npm
1 info using npm@10.9.4
2 info using node@v22.22.1
3 silly config load:file:/usr/local/lib/node_modules/npm/npmrc
4 silly config load:file:/home/node/.openclaw/workspace/.npmrc
5 silly config load:file:/home/node/.npmrc
6 silly config load:file:/usr/local/etc/npmrc
7 verbose title npm install pdf-parse@1.1.1
8 verbose argv "install" "pdf-parse@1.1.1"
9 verbose logfile logs-max:10 dir:/home/node/.openclaw/workspace/.npm-cache/_logs/2026-03-12T17_48_45_741Z-
10 verbose logfile /home/node/.openclaw/workspace/.npm-cache/_logs/2026-03-12T17_48_45_741Z-debug-0.log
11 silly logfile done cleaning log files
12 silly packumentCache heap:1098907648 maxSize:274726912 maxEntrySize:137363456
13 silly idealTree buildDeps
14 silly fetch manifest pdf-parse@1.1.1
15 silly packumentCache full:https://registry.npmjs.org/pdf-parse cache-miss
16 http fetch GET 200 https://registry.npmjs.org/pdf-parse 167ms (cache miss)
17 silly packumentCache full:https://registry.npmjs.org/pdf-parse set size:undefined disposed:false
18 silly placeDep ROOT pdf-parse@1.1.1 OK for:  want: 1.1.1
19 silly fetch manifest debug@^3.1.0
20 silly packumentCache full:https://registry.npmjs.org/debug cache-miss
21 http fetch GET 200 https://registry.npmjs.org/npm 271ms
22 http fetch GET 200 https://registry.npmjs.org/debug 52ms (cache miss)
23 silly packumentCache full:https://registry.npmjs.org/debug set size:undefined disposed:false
24 silly fetch manifest node-ensure@^0.0.0
25 silly packumentCache full:https://registry.npmjs.org/node-ensure cache-miss
26 http fetch GET 200 https://registry.npmjs.org/node-ensure 64ms (cache miss)
27 silly packumentCache full:https://registry.npmjs.org/node-ensure set size:undefined disposed:false
28 silly placeDep ROOT debug@3.2.7 OK for: pdf-parse@1.1.1 want: ^3.1.0
29 silly placeDep ROOT node-ensure@0.0.0 OK for: pdf-parse@1.1.1 want: ^0.0.0
30 silly fetch manifest ms@^2.1.1
31 silly packumentCache full:https://registry.npmjs.org/ms cache-miss
32 http fetch GET 200 https://registry.npmjs.org/ms 59ms (cache miss)
33 silly packumentCache full:https://registry.npmjs.org/ms set size:undefined disposed:false
34 silly placeDep ROOT ms@2.1.3 OK for: debug@3.2.7 want: ^2.1.1
35 silly reify moves {}
36 silly audit bulk request {
36 silly audit   '@pinojs/redact': [ '0.4.0' ],
36 silly audit   '@selderee/plugin-htmlparser2': [ '0.11.0' ],
36 silly audit   '@zone-eu/mailsplit': [ '5.4.8' ],
36 silly audit   'atomic-sleep': [ '1.0.0' ],
36 silly audit   'core-util-is': [ '1.0.3' ],
36 silly audit   deepmerge: [ '4.3.1' ],
36 silly audit   'dom-serializer': [ '2.0.0' ],
36 silly audit   domelementtype: [ '2.3.0' ],
36 silly audit   domhandler: [ '5.0.3' ],
36 silly audit   domutils: [ '3.2.2' ],
36 silly audit   dotenv: [ '17.3.1' ],
36 silly audit   'encoding-japanese': [ '2.2.0' ],
36 silly audit   entities: [ '4.5.0' ],
36 silly audit   fsevents: [ '2.3.2' ],
36 silly audit   he: [ '1.2.0' ],
36 silly audit   'html-to-text': [ '9.0.5' ],
36 silly audit   htmlparser2: [ '8.0.2' ],
36 silly audit   'iconv-lite': [ '0.7.2', '0.6.3' ],
36 silly audit   imap: [ '0.8.19' ],
36 silly audit   imapflow: [ '1.2.12' ],
36 silly audit   nodemailer: [ '8.0.1', '7.0.13' ],
36 silly audit   inherits: [ '2.0.4' ],
36 silly audit   'ip-address': [ '10.1.0' ],
36 silly audit   isarray: [ '0.0.1' ],
36 silly audit   leac: [ '0.6.0' ],
36 silly audit   libbase64: [ '1.3.0' ],
36 silly audit   libmime: [ '5.3.7' ],
36 silly audit   libqp: [ '2.1.1' ],
36 silly audit   'linkify-it': [ '5.0.0' ],
36 silly audit   mailparser: [ '3.9.3' ],
36 silly audit   'on-exit-leak-free': [ '2.1.2' ],
36 silly audit   parseley: [ '0.12.1' ],
36 silly audit   peberminta: [ '0.9.0' ],
36 silly audit   pino: [ '10.3.1' ],
36 silly audit   'pino-abstract-transport': [ '3.0.0' ],
36 silly audit   'pino-std-serializers': [ '7.1.0' ],
36 silly audit   playwright: [ '1.58.2' ],
36 silly audit   'playwright-core': [ '1.58.2' ],
36 silly audit   'process-warning': [ '5.0.0' ],
36 silly audit   'punycode.js': [ '2.3.1' ],
36 silly audit   'quick-format-unescaped': [ '4.0.4' ],
36 silly audit   'readable-stream': [ '1.1.14' ],
36 silly audit   'real-require': [ '0.2.0' ],
36 silly audit   'safe-stable-stringify': [ '2.5.0' ],
36 silly audit   'safer-buffer': [ '2.1.2' ],
36 silly audit   selderee: [ '0.11.0' ],
36 silly audit   semver: [ '5.3.0' ],
36 silly audit   'smart-buffer': [ '4.2.0' ],
36 silly audit   socks: [ '2.8.7' ],
36 silly audit   'sonic-boom': [ '4.2.1' ],
36 silly audit   split2: [ '4.2.0' ],
36 silly audit   string_decoder: [ '0.10.31' ],
36 silly audit   'thread-stream': [ '4.0.0' ],
36 silly audit   tlds: [ '1.261.0' ],
36 silly audit   'uc.micro': [ '2.1.0' ],
36 silly audit   utf7: [ '1.0.2' ],
36 silly audit   'pdf-parse': [ '1.1.1' ],
36 silly audit   debug: [ '3.2.7' ],
36 silly audit   'node-ensure': [ '0.0.0' ],
36 silly audit   ms: [ '2.1.3' ]
36 silly audit }
37 verbose reify failed optional dependency /home/node/.openclaw/workspace/node_modules/fsevents
38 silly reify mark deleted [ '/home/node/.openclaw/workspace/node_modules/fsevents' ]
39 http cache ms@https://registry.npmjs.org/ms/-/ms-2.1.3.tgz 0ms (cache hit)
40 http cache node-ensure@https://registry.npmjs.org/node-ensure/-/node-ensure-0.0.0.tgz 0ms (cache hit)
41 http cache debug@https://registry.npmjs.org/debug/-/debug-3.2.7.tgz 0ms (cache hit)
42 http cache pdf-parse@https://registry.npmjs.org/pdf-parse/-/pdf-parse-1.1.1.tgz 0ms (cache hit)
43 silly tarball no local data for ms@https://registry.npmjs.org/ms/-/ms-2.1.3.tgz. Extracting by manifest.
44 silly tarball no local data for node-ensure@https://registry.npmjs.org/node-ensure/-/node-ensure-0.0.0.tgz. Extracting by manifest.
45 silly tarball no local data for debug@https://registry.npmjs.org/debug/-/debug-3.2.7.tgz. Extracting by manifest.
46 silly tarball no local data for pdf-parse@https://registry.npmjs.org/pdf-parse/-/pdf-parse-1.1.1.tgz. Extracting by manifest.
47 http fetch GET 200 https://registry.npmjs.org/ms/-/ms-2.1.3.tgz 73ms (cache miss)
48 http fetch GET 200 https://registry.npmjs.org/node-ensure/-/node-ensure-0.0.0.tgz 144ms (cache miss)
49 http fetch GET 200 https://registry.npmjs.org/debug/-/debug-3.2.7.tgz 147ms (cache miss)
50 http fetch POST 200 https://registry.npmjs.org/-/npm/v1/security/advisories/bulk 215ms
51 silly audit report {
51 silly audit report   semver: [
51 silly audit report     {
51 silly audit report       id: 1112918,
51 silly audit report       url: 'https://github.com/advisories/GHSA-c2qf-rxjj-qqgw',
51 silly audit report       title: 'semver vulnerable to Regular Expression Denial of Service',
51 silly audit report       severity: 'high',
51 silly audit report       vulnerable_versions: '>=2.0.0-alpha <5.7.2',
51 silly audit report       cwe: [Array],
51 silly audit report       cvss: [Object]
51 silly audit report     }
51 silly audit report   ]
51 silly audit report }
52 silly packumentCache corgi:https://registry.npmjs.org/semver cache-miss
53 http fetch GET 200 https://registry.npmjs.org/semver 70ms (cache miss)
54 silly packumentCache corgi:https://registry.npmjs.org/semver set size:undefined disposed:false
55 silly packumentCache corgi:https://registry.npmjs.org/utf7 cache-miss
56 http fetch GET 200 https://registry.npmjs.org/utf7 61ms (cache miss)
57 silly packumentCache corgi:https://registry.npmjs.org/utf7 set size:undefined disposed:false
58 silly packumentCache corgi:https://registry.npmjs.org/imap cache-miss
59 http fetch GET 200 https://registry.npmjs.org/imap 60ms (cache miss)
60 silly packumentCache corgi:https://registry.npmjs.org/imap set size:undefined disposed:false
61 http fetch GET 200 https://registry.npmjs.org/pdf-parse/-/pdf-parse-1.1.1.tgz 813ms (cache miss)
62 silly ADD node_modules/ms
63 silly ADD node_modules/node-ensure
64 silly ADD node_modules/debug
65 silly ADD node_modules/pdf-parse
66 silly ADD
67 verbose cwd /home/node/.openclaw/workspace/.tmp-pdf
68 verbose os Linux 6.8.0-101-generic
69 verbose node v22.22.1
70 verbose npm  v10.9.4
71 notice
71 notice New major version of npm available! 10.9.4 -> 11.11.1
71 notice Changelog: https://github.com/npm/cli/releases/tag/v11.11.1
71 notice To update run: npm install -g npm@11.11.1
71 notice  { force: true, [Symbol(proc-log.meta)]: true }
72 verbose exit 0
73 info ok
