0 verbose cli /usr/local/bin/node /usr/local/bin/npm
1 info using npm@10.9.4
2 info using node@v22.22.1
3 silly config load:file:/usr/local/lib/node_modules/npm/npmrc
4 silly config load:file:/home/node/.openclaw/workspace/tmp_pdf/.npmrc
5 silly config load:file:/usr/local/etc/npmrc
6 verbose title npm install pdf-parse
7 verbose argv "install" "pdf-parse"
8 verbose logfile logs-max:10 dir:/home/node/.openclaw/workspace/tmp_pdf/.npm/_logs/2026-03-12T19_59_11_665Z-
9 verbose logfile /home/node/.openclaw/workspace/tmp_pdf/.npm/_logs/2026-03-12T19_59_11_665Z-debug-0.log
10 silly logfile done cleaning log files
11 silly packumentCache heap:1098907648 maxSize:274726912 maxEntrySize:137363456
12 silly idealTree buildDeps
13 silly fetch manifest pdf-parse@*
14 silly packumentCache full:https://registry.npmjs.org/pdf-parse cache-miss
15 http fetch GET 200 https://registry.npmjs.org/pdf-parse 169ms (cache miss)
16 silly packumentCache full:https://registry.npmjs.org/pdf-parse set size:undefined disposed:false
17 silly placeDep ROOT pdf-parse@2.4.5 OK for: tmp_pdf@1.0.0 want: *
18 silly fetch manifest pdfjs-dist@5.4.296
19 silly packumentCache full:https://registry.npmjs.org/pdfjs-dist cache-miss
20 http fetch GET 200 https://registry.npmjs.org/npm 230ms
21 http fetch GET 200 https://registry.npmjs.org/pdfjs-dist 135ms (cache miss)
22 silly packumentCache full:https://registry.npmjs.org/pdfjs-dist set size:undefined disposed:false
23 silly fetch manifest @napi-rs/canvas@0.1.80
24 silly packumentCache full:https://registry.npmjs.org/@napi-rs%2fcanvas cache-miss
25 http fetch GET 200 https://registry.npmjs.org/@napi-rs%2fcanvas 67ms (cache miss)
26 silly packumentCache full:https://registry.npmjs.org/@napi-rs%2fcanvas set size:undefined disposed:false
27 silly placeDep ROOT @napi-rs/canvas@0.1.80 OK for: pdf-parse@2.4.5 want: 0.1.80
28 silly placeDep ROOT pdfjs-dist@5.4.296 OK for: pdf-parse@2.4.5 want: 5.4.296
29 silly fetch manifest @napi-rs/canvas-darwin-x64@0.1.80
30 silly packumentCache full:https://registry.npmjs.org/@napi-rs%2fcanvas-darwin-x64 cache-miss
31 http fetch GET 200 https://registry.npmjs.org/@napi-rs%2fcanvas-darwin-x64 85ms (cache miss)
32 silly packumentCache full:https://registry.npmjs.org/@napi-rs%2fcanvas-darwin-x64 set size:undefined disposed:false
33 silly fetch manifest @napi-rs/canvas-darwin-arm64@0.1.80
34 silly packumentCache full:https://registry.npmjs.org/@napi-rs%2fcanvas-darwin-arm64 cache-miss
35 http fetch GET 200 https://registry.npmjs.org/@napi-rs%2fcanvas-darwin-arm64 72ms (cache miss)
36 silly packumentCache full:https://registry.npmjs.org/@napi-rs%2fcanvas-darwin-arm64 set size:undefined disposed:false
37 silly fetch manifest @napi-rs/canvas-android-arm64@0.1.80
38 silly packumentCache full:https://registry.npmjs.org/@napi-rs%2fcanvas-android-arm64 cache-miss
39 http fetch GET 200 https://registry.npmjs.org/@napi-rs%2fcanvas-android-arm64 101ms (cache miss)
40 silly packumentCache full:https://registry.npmjs.org/@napi-rs%2fcanvas-android-arm64 set size:undefined disposed:false
41 silly fetch manifest @napi-rs/canvas-linux-x64-gnu@0.1.80
42 silly packumentCache full:https://registry.npmjs.org/@napi-rs%2fcanvas-linux-x64-gnu cache-miss
43 http fetch GET 200 https://registry.npmjs.org/@napi-rs%2fcanvas-linux-x64-gnu 79ms (cache miss)
44 silly packumentCache full:https://registry.npmjs.org/@napi-rs%2fcanvas-linux-x64-gnu set size:undefined disposed:false
45 silly fetch manifest @napi-rs/canvas-linux-x64-musl@0.1.80
46 silly packumentCache full:https://registry.npmjs.org/@napi-rs%2fcanvas-linux-x64-musl cache-miss
47 http fetch GET 200 https://registry.npmjs.org/@napi-rs%2fcanvas-linux-x64-musl 82ms (cache miss)
48 silly packumentCache full:https://registry.npmjs.org/@napi-rs%2fcanvas-linux-x64-musl set size:undefined disposed:false
49 silly fetch manifest @napi-rs/canvas-win32-x64-msvc@0.1.80
50 silly packumentCache full:https://registry.npmjs.org/@napi-rs%2fcanvas-win32-x64-msvc cache-miss
51 http fetch GET 200 https://registry.npmjs.org/@napi-rs%2fcanvas-win32-x64-msvc 87ms (cache miss)
52 silly packumentCache full:https://registry.npmjs.org/@napi-rs%2fcanvas-win32-x64-msvc set size:undefined disposed:false
53 silly fetch manifest @napi-rs/canvas-linux-arm64-gnu@0.1.80
54 silly packumentCache full:https://registry.npmjs.org/@napi-rs%2fcanvas-linux-arm64-gnu cache-miss
55 http fetch GET 200 https://registry.npmjs.org/@napi-rs%2fcanvas-linux-arm64-gnu 88ms (cache miss)
56 silly packumentCache full:https://registry.npmjs.org/@napi-rs%2fcanvas-linux-arm64-gnu set size:undefined disposed:false
57 silly fetch manifest @napi-rs/canvas-linux-arm64-musl@0.1.80
58 silly packumentCache full:https://registry.npmjs.org/@napi-rs%2fcanvas-linux-arm64-musl cache-miss
59 http fetch GET 200 https://registry.npmjs.org/@napi-rs%2fcanvas-linux-arm64-musl 82ms (cache miss)
60 silly packumentCache full:https://registry.npmjs.org/@napi-rs%2fcanvas-linux-arm64-musl set size:undefined disposed:false
61 silly fetch manifest @napi-rs/canvas-linux-riscv64-gnu@0.1.80
62 silly packumentCache full:https://registry.npmjs.org/@napi-rs%2fcanvas-linux-riscv64-gnu cache-miss
63 http fetch GET 200 https://registry.npmjs.org/@napi-rs%2fcanvas-linux-riscv64-gnu 105ms (cache miss)
64 silly packumentCache full:https://registry.npmjs.org/@napi-rs%2fcanvas-linux-riscv64-gnu set size:undefined disposed:false
65 silly fetch manifest @napi-rs/canvas-linux-arm-gnueabihf@0.1.80
66 silly packumentCache full:https://registry.npmjs.org/@napi-rs%2fcanvas-linux-arm-gnueabihf cache-miss
67 http fetch GET 200 https://registry.npmjs.org/@napi-rs%2fcanvas-linux-arm-gnueabihf 76ms (cache miss)
68 silly packumentCache full:https://registry.npmjs.org/@napi-rs%2fcanvas-linux-arm-gnueabihf set size:undefined disposed:false
69 silly placeDep ROOT @napi-rs/canvas-android-arm64@0.1.80 OK for: @napi-rs/canvas@0.1.80 want: 0.1.80
70 silly placeDep ROOT @napi-rs/canvas-darwin-arm64@0.1.80 OK for: @napi-rs/canvas@0.1.80 want: 0.1.80
71 silly placeDep ROOT @napi-rs/canvas-darwin-x64@0.1.80 OK for: @napi-rs/canvas@0.1.80 want: 0.1.80
72 silly placeDep ROOT @napi-rs/canvas-linux-arm-gnueabihf@0.1.80 OK for: @napi-rs/canvas@0.1.80 want: 0.1.80
73 silly placeDep ROOT @napi-rs/canvas-linux-arm64-gnu@0.1.80 OK for: @napi-rs/canvas@0.1.80 want: 0.1.80
74 silly placeDep ROOT @napi-rs/canvas-linux-arm64-musl@0.1.80 OK for: @napi-rs/canvas@0.1.80 want: 0.1.80
75 silly placeDep ROOT @napi-rs/canvas-linux-riscv64-gnu@0.1.80 OK for: @napi-rs/canvas@0.1.80 want: 0.1.80
76 silly placeDep ROOT @napi-rs/canvas-linux-x64-gnu@0.1.80 OK for: @napi-rs/canvas@0.1.80 want: 0.1.80
77 silly placeDep ROOT @napi-rs/canvas-linux-x64-musl@0.1.80 OK for: @napi-rs/canvas@0.1.80 want: 0.1.80
78 silly placeDep ROOT @napi-rs/canvas-win32-x64-msvc@0.1.80 OK for: @napi-rs/canvas@0.1.80 want: 0.1.80
79 silly reify moves {}
80 silly audit bulk request {
80 silly audit   'pdf-parse': [ '2.4.5' ],
80 silly audit   '@napi-rs/canvas': [ '0.1.80' ],
80 silly audit   'pdfjs-dist': [ '5.4.296' ],
80 silly audit   '@napi-rs/canvas-android-arm64': [ '0.1.80' ],
80 silly audit   '@napi-rs/canvas-darwin-arm64': [ '0.1.80' ],
80 silly audit   '@napi-rs/canvas-darwin-x64': [ '0.1.80' ],
80 silly audit   '@napi-rs/canvas-linux-arm-gnueabihf': [ '0.1.80' ],
80 silly audit   '@napi-rs/canvas-linux-arm64-gnu': [ '0.1.80' ],
80 silly audit   '@napi-rs/canvas-linux-arm64-musl': [ '0.1.80' ],
80 silly audit   '@napi-rs/canvas-linux-riscv64-gnu': [ '0.1.80' ],
80 silly audit   '@napi-rs/canvas-linux-x64-gnu': [ '0.1.80' ],
80 silly audit   '@napi-rs/canvas-linux-x64-musl': [ '0.1.80' ],
80 silly audit   '@napi-rs/canvas-win32-x64-msvc': [ '0.1.80' ]
80 silly audit }
81 verbose reify failed optional dependency /home/node/.openclaw/workspace/tmp_pdf/node_modules/@napi-rs/canvas-win32-x64-msvc
82 silly reify mark deleted [
82 silly reify   '/home/node/.openclaw/workspace/tmp_pdf/node_modules/@napi-rs/canvas-win32-x64-msvc'
82 silly reify ]
83 verbose reify failed optional dependency /home/node/.openclaw/workspace/tmp_pdf/node_modules/@napi-rs/canvas-linux-x64-musl
84 silly reify mark deleted [
84 silly reify   '/home/node/.openclaw/workspace/tmp_pdf/node_modules/@napi-rs/canvas-linux-x64-musl'
84 silly reify ]
85 verbose reify failed optional dependency /home/node/.openclaw/workspace/tmp_pdf/node_modules/@napi-rs/canvas-linux-riscv64-gnu
86 silly reify mark deleted [
86 silly reify   '/home/node/.openclaw/workspace/tmp_pdf/node_modules/@napi-rs/canvas-linux-riscv64-gnu'
86 silly reify ]
87 verbose reify failed optional dependency /home/node/.openclaw/workspace/tmp_pdf/node_modules/@napi-rs/canvas-linux-arm64-musl
88 silly reify mark deleted [
88 silly reify   '/home/node/.openclaw/workspace/tmp_pdf/node_modules/@napi-rs/canvas-linux-arm64-musl'
88 silly reify ]
89 verbose reify failed optional dependency /home/node/.openclaw/workspace/tmp_pdf/node_modules/@napi-rs/canvas-linux-arm64-gnu
90 silly reify mark deleted [
90 silly reify   '/home/node/.openclaw/workspace/tmp_pdf/node_modules/@napi-rs/canvas-linux-arm64-gnu'
90 silly reify ]
91 verbose reify failed optional dependency /home/node/.openclaw/workspace/tmp_pdf/node_modules/@napi-rs/canvas-linux-arm-gnueabihf
92 silly reify mark deleted [
92 silly reify   '/home/node/.openclaw/workspace/tmp_pdf/node_modules/@napi-rs/canvas-linux-arm-gnueabihf'
92 silly reify ]
93 verbose reify failed optional dependency /home/node/.openclaw/workspace/tmp_pdf/node_modules/@napi-rs/canvas-darwin-x64
94 silly reify mark deleted [
94 silly reify   '/home/node/.openclaw/workspace/tmp_pdf/node_modules/@napi-rs/canvas-darwin-x64'
94 silly reify ]
95 verbose reify failed optional dependency /home/node/.openclaw/workspace/tmp_pdf/node_modules/@napi-rs/canvas-darwin-arm64
96 silly reify mark deleted [
96 silly reify   '/home/node/.openclaw/workspace/tmp_pdf/node_modules/@napi-rs/canvas-darwin-arm64'
96 silly reify ]
97 verbose reify failed optional dependency /home/node/.openclaw/workspace/tmp_pdf/node_modules/@napi-rs/canvas-android-arm64
98 silly reify mark deleted [
98 silly reify   '/home/node/.openclaw/workspace/tmp_pdf/node_modules/@napi-rs/canvas-android-arm64'
98 silly reify ]
99 http cache @napi-rs/canvas-linux-x64-gnu@https://registry.npmjs.org/@napi-rs/canvas-linux-x64-gnu/-/canvas-linux-x64-gnu-0.1.80.tgz 0ms (cache hit)
100 http cache @napi-rs/canvas@https://registry.npmjs.org/@napi-rs/canvas/-/canvas-0.1.80.tgz 0ms (cache hit)
101 http cache pdf-parse@https://registry.npmjs.org/pdf-parse/-/pdf-parse-2.4.5.tgz 0ms (cache hit)
102 silly tarball no local data for @napi-rs/canvas-linux-x64-gnu@https://registry.npmjs.org/@napi-rs/canvas-linux-x64-gnu/-/canvas-linux-x64-gnu-0.1.80.tgz. Extracting by manifest.
103 http cache pdfjs-dist@https://registry.npmjs.org/pdfjs-dist/-/pdfjs-dist-5.4.296.tgz 0ms (cache hit)
104 silly tarball no local data for @napi-rs/canvas@https://registry.npmjs.org/@napi-rs/canvas/-/canvas-0.1.80.tgz. Extracting by manifest.
105 silly tarball no local data for pdf-parse@https://registry.npmjs.org/pdf-parse/-/pdf-parse-2.4.5.tgz. Extracting by manifest.
106 silly tarball no local data for pdfjs-dist@https://registry.npmjs.org/pdfjs-dist/-/pdfjs-dist-5.4.296.tgz. Extracting by manifest.
107 http fetch POST 200 https://registry.npmjs.org/-/npm/v1/security/advisories/bulk 250ms
108 silly audit report {}
109 http fetch GET 200 https://registry.npmjs.org/@napi-rs/canvas/-/canvas-0.1.80.tgz 299ms (cache miss)
110 http fetch GET 200 https://registry.npmjs.org/pdf-parse/-/pdf-parse-2.4.5.tgz 775ms (cache miss)
111 http fetch GET 200 https://registry.npmjs.org/@napi-rs/canvas-linux-x64-gnu/-/canvas-linux-x64-gnu-0.1.80.tgz 857ms (cache miss)
112 http fetch GET 200 https://registry.npmjs.org/pdfjs-dist/-/pdfjs-dist-5.4.296.tgz 996ms (cache miss)
113 silly ADD
114 silly ADD
115 silly ADD node_modules/@napi-rs/canvas-linux-x64-gnu
116 silly ADD
117 silly ADD
118 silly ADD
119 silly ADD
120 silly ADD
121 silly ADD
122 silly ADD
123 silly ADD node_modules/pdfjs-dist
124 silly ADD node_modules/@napi-rs/canvas
125 silly ADD node_modules/pdf-parse
126 verbose cwd /home/node/.openclaw/workspace/tmp_pdf
127 verbose os Linux 6.8.0-101-generic
128 verbose node v22.22.1
129 verbose npm  v10.9.4
130 notice
130 notice New major version of npm available! 10.9.4 -> 11.11.1
130 notice Changelog: https://github.com/npm/cli/releases/tag/v11.11.1
130 notice To update run: npm install -g npm@11.11.1
130 notice  { force: true, [Symbol(proc-log.meta)]: true }
131 verbose exit 0
132 info ok
